This file contains any messages produced by compilers while
running configure, to aid debugging if configure makes a mistake.

It was created by the fast lexical analyser generator configure 2.5.38, which was
generated by GNU Autoconf 2.69.  Invocation command line was

  $ ./configure --build=unknown-unknown-linux

## --------- ##
## Platform. ##
## --------- ##

hostname = pc5
uname -m = aarch64
uname -r = 4.4.77-rockchip-ayufan-136
uname -s = Linux
uname -v = #1 SMP Thu Oct 12 09:14:48 UTC 2017

/usr/bin/uname -p = unknown
/bin/uname -X     = unknown

/bin/arch              = unknown
/usr/bin/arch -k       = unknown
/usr/convex/getsysinfo = unknown
/usr/bin/hostinfo      = unknown
/bin/machine           = unknown
/usr/bin/oslevel       = unknown
/bin/universe          = unknown

PATH: /home/picocluster/bin
PATH: /home/picocluster/.local/bin
PATH: /home/picocluster/bin
PATH: /home/picocluster/.local/bin
PATH: /usr/local/sbin
PATH: /usr/local/bin
PATH: /usr/sbin
PATH: /usr/bin
PATH: /sbin
PATH: /bin
PATH: /usr/games
PATH: /usr/local/games
PATH: /usr/lib/jvm/java-8-oracle/bin
PATH: /usr/lib/jvm/java-8-oracle/db/bin
PATH: /usr/lib/jvm/java-8-oracle/jre/bin


## ----------- ##
## Core tests. ##
## ----------- ##

configure:2513: checking for a BSD-compatible install
configure:2581: result: /usr/bin/install -c
configure:2592: checking whether build environment is sane
configure:2647: result: yes
configure:2798: checking for a thread-safe mkdir -p
configure:2837: result: /bin/mkdir -p
configure:2844: checking for gawk
configure:2860: found /usr/bin/gawk
configure:2871: result: gawk
configure:2882: checking whether make sets $(MAKE)
configure:2904: result: yes
configure:2933: checking whether make supports nested variables
configure:2950: result: yes
configure:3090: checking whether NLS is requested
configure:3099: result: yes
configure:3140: checking for msgfmt
configure: trying /usr/bin/msgfmt...
0 translated messages.
configure:3172: result: /usr/bin/msgfmt
configure:3181: checking for gmsgfmt
configure:3212: result: /usr/bin/msgfmt
configure:3263: checking for xgettext
configure: trying /usr/bin/xgettext...
/usr/bin/xgettext: warning: file '/dev/null' extension '' is unknown; will try C
configure:3295: result: /usr/bin/xgettext
configure:3341: checking for msgmerge
configure: trying /usr/bin/msgmerge...
configure:3372: result: /usr/bin/msgmerge
configure:3417: checking for style of include used by make
configure:3445: result: GNU
configure:3516: checking for gcc
configure:3532: found /usr/bin/gcc
configure:3543: result: gcc
configure:3772: checking for C compiler version
configure:3781: gcc --version >&5
gcc (Ubuntu/Linaro 5.4.0-6ubuntu1~16.04.10) 5.4.0 20160609
Copyright (C) 2015 Free Software Foundation, Inc.
This is free software; see the source for copying conditions.  There is NO
warranty; not even for MERCHANTABILITY or FITNESS FOR A PARTICULAR PURPOSE.

configure:3792: $? = 0
configure:3781: gcc -v >&5
Using built-in specs.
COLLECT_GCC=gcc
COLLECT_LTO_WRAPPER=/usr/lib/gcc/aarch64-linux-gnu/5/lto-wrapper
Target: aarch64-linux-gnu
Configured with: ../src/configure -v --with-pkgversion='Ubuntu/Linaro 5.4.0-6ubuntu1~16.04.10' --with-bugurl=file:///usr/share/doc/gcc-5/README.Bugs --enable-languages=c,ada,c++,java,go,d,fortran,objc,obj-c++ --prefix=/usr --program-suffix=-5 --enable-shared --enable-linker-build-id --libexecdir=/usr/lib --without-included-gettext --enable-threads=posix --libdir=/usr/lib --enable-nls --with-sysroot=/ --enable-clocale=gnu --enable-libstdcxx-debug --enable-libstdcxx-time=yes --with-default-libstdcxx-abi=new --enable-gnu-unique-object --disable-libquadmath --enable-plugin --with-system-zlib --disable-browser-plugin --enable-java-awt=gtk --enable-gtk-cairo --with-java-home=/usr/lib/jvm/java-1.5.0-gcj-5-arm64/jre --enable-java-home --with-jvm-root-dir=/usr/lib/jvm/java-1.5.0-gcj-5-arm64 --with-jvm-jar-dir=/usr/lib/jvm-exports/java-1.5.0-gcj-5-arm64 --with-arch-directory=aarch64 --with-ecj-jar=/usr/share/java/eclipse-ecj.jar --enable-multiarch --enable-fix-cortex-a53-843419 --disable-werror --enable-checking=release --build=aarch64-linux-gnu --host=aarch64-linux-gnu --target=aarch64-linux-gnu
Thread model: posix
gcc version 5.4.0 20160609 (Ubuntu/Linaro 5.4.0-6ubuntu1~16.04.10) 
configure:3792: $? = 0
configure:3781: gcc -V >&5
gcc: error: unrecognized command line option '-V'
gcc: fatal error: no input files
compilation terminated.
configure:3792: $? = 1
configure:3781: gcc -qversion >&5
gcc: error: unrecognized command line option '-qversion'
gcc: fatal error: no input files
compilation terminated.
configure:3792: $? = 1
configure:3812: checking whether the C compiler works
configure:3834: gcc    conftest.c  >&5
configure:3838: $? = 0
configure:3886: result: yes
configure:3889: checking for C compiler default output file name
configure:3891: result: a.out
configure:3897: checking for suffix of executables
configure:3904: gcc -o conftest    conftest.c  >&5
configure:3908: $? = 0
configure:3930: result: 
configure:3952: checking whether we are cross compiling
configure:3960: gcc -o conftest    conftest.c  >&5
configure:3964: $? = 0
configure:3971: ./conftest
configure:3975: $? = 0
configure:3990: result: no
configure:3995: checking for suffix of object files
configure:4017: gcc -c   conftest.c >&5
configure:4021: $? = 0
configure:4042: result: o
configure:4046: checking whether we are using the GNU C compiler
configure:4065: gcc -c   conftest.c >&5
configure:4065: $? = 0
configure:4074: result: yes
configure:4083: checking whether gcc accepts -g
configure:4103: gcc -c -g  conftest.c >&5
configure:4103: $? = 0
configure:4144: result: yes
configure:4161: checking for gcc option to accept ISO C89
configure:4224: gcc  -c -g -O2  conftest.c >&5
configure:4224: $? = 0
configure:4237: result: none needed
configure:4262: checking whether gcc understands -c and -o together
configure:4284: gcc -c conftest.c -o conftest2.o
configure:4287: $? = 0
configure:4284: gcc -c conftest.c -o conftest2.o
configure:4287: $? = 0
configure:4299: result: yes
configure:4318: checking dependency style of gcc
configure:4429: result: gcc3
configure:4448: checking build system type
configure:4462: result: unknown-unknown-linux-gnu
configure:4482: checking host system type
configure:4495: result: unknown-unknown-linux-gnu
configure:4539: checking for ld used by GCC
configure:4603: result: /usr/bin/ld
configure:4610: checking if the linker (/usr/bin/ld) is GNU ld
configure:4623: result: yes
configure:4630: checking for shared library run path origin
configure:4643: result: done
configure:4668: checking how to run the C preprocessor
configure:4699: gcc -E  conftest.c
configure:4699: $? = 0
configure:4713: gcc -E  conftest.c
conftest.c:11:28: fatal error: ac_nonexistent.h: No such file or directory
compilation terminated.
configure:4713: $? = 1
configure: failed program was:
| /* confdefs.h */
| #define PACKAGE_NAME "the fast lexical analyser generator"
| #define PACKAGE_TARNAME "flex"
| #define PACKAGE_VERSION "2.5.38"
| #define PACKAGE_STRING "the fast lexical analyser generator 2.5.38"
| #define PACKAGE_BUGREPORT "flex-help@lists.sourceforge.net"
| #define PACKAGE_URL ""
| #define PACKAGE "flex"
| #define VERSION "2.5.38"
| /* end confdefs.h.  */
| #include <ac_nonexistent.h>
configure:4738: result: gcc -E
configure:4758: gcc -E  conftest.c
configure:4758: $? = 0
configure:4772: gcc -E  conftest.c
conftest.c:11:28: fatal error: ac_nonexistent.h: No such file or directory
compilation terminated.
configure:4772: $? = 1
configure: failed program was:
| /* confdefs.h */
| #define PACKAGE_NAME "the fast lexical analyser generator"
| #define PACKAGE_TARNAME "flex"
| #define PACKAGE_VERSION "2.5.38"
| #define PACKAGE_STRING "the fast lexical analyser generator 2.5.38"
| #define PACKAGE_BUGREPORT "flex-help@lists.sourceforge.net"
| #define PACKAGE_URL ""
| #define PACKAGE "flex"
| #define VERSION "2.5.38"
| /* end confdefs.h.  */
| #include <ac_nonexistent.h>
configure:4801: checking for grep that handles long lines and -e
configure:4859: result: /bin/grep
configure:4864: checking for egrep
configure:4926: result: /bin/grep -E
configure:5484: checking for CFPreferencesCopyAppValue
configure:5502: gcc -o conftest -g -O2   conftest.c  -Wl,-framework -Wl,CoreFoundation >&5
conftest.c:11:42: fatal error: CoreFoundation/CFPreferences.h: No such file or directory
compilation terminated.
configure:5502: $? = 1
configure: failed program was:
| /* confdefs.h */
| #define PACKAGE_NAME "the fast lexical analyser generator"
| #define PACKAGE_TARNAME "flex"
| #define PACKAGE_VERSION "2.5.38"
| #define PACKAGE_STRING "the fast lexical analyser generator 2.5.38"
| #define PACKAGE_BUGREPORT "flex-help@lists.sourceforge.net"
| #define PACKAGE_URL ""
| #define PACKAGE "flex"
| #define VERSION "2.5.38"
| /* end confdefs.h.  */
| #include <CoreFoundation/CFPreferences.h>
| int
| main ()
| {
| CFPreferencesCopyAppValue(NULL, NULL)
|   ;
|   return 0;
| }
configure:5511: result: no
configure:5518: checking for CFLocaleCopyCurrent
configure:5536: gcc -o conftest -g -O2   conftest.c  -Wl,-framework -Wl,CoreFoundation >&5
conftest.c:11:37: fatal error: CoreFoundation/CFLocale.h: No such file or directory
compilation terminated.
configure:5536: $? = 1
configure: failed program was:
| /* confdefs.h */
| #define PACKAGE_NAME "the fast lexical analyser generator"
| #define PACKAGE_TARNAME "flex"
| #define PACKAGE_VERSION "2.5.38"
| #define PACKAGE_STRING "the fast lexical analyser generator 2.5.38"
| #define PACKAGE_BUGREPORT "flex-help@lists.sourceforge.net"
| #define PACKAGE_URL ""
| #define PACKAGE "flex"
| #define VERSION "2.5.38"
| /* end confdefs.h.  */
| #include <CoreFoundation/CFLocale.h>
| int
| main ()
| {
| CFLocaleCopyCurrent();
|   ;
|   return 0;
| }
configure:5545: result: no
configure:5594: checking for GNU gettext in libc
configure:5614: gcc -o conftest -g -O2   conftest.c  >&5
configure:5614: $? = 0
configure:5623: result: yes
configure:6414: checking whether to use NLS
configure:6416: result: yes
configure:6419: checking where the gettext function comes from
configure:6430: result: libc
configure:6492: checking for bison
configure:6508: found /usr/local/bin/bison
configure:6519: result: bison -y
configure:6535: checking for flex
configure:6565: result: no
configure:6535: checking for lex
configure:6565: result: no
configure:6741: checking for gcc
configure:6768: result: gcc
configure:6997: checking for C compiler version
configure:7006: gcc --version >&5
gcc (Ubuntu/Linaro 5.4.0-6ubuntu1~16.04.10) 5.4.0 20160609
Copyright (C) 2015 Free Software Foundation, Inc.
This is free software; see the source for copying conditions.  There is NO
warranty; not even for MERCHANTABILITY or FITNESS FOR A PARTICULAR PURPOSE.

configure:7017: $? = 0
configure:7006: gcc -v >&5
Using built-in specs.
COLLECT_GCC=gcc
COLLECT_LTO_WRAPPER=/usr/lib/gcc/aarch64-linux-gnu/5/lto-wrapper
Target: aarch64-linux-gnu
Configured with: ../src/configure -v --with-pkgversion='Ubuntu/Linaro 5.4.0-6ubuntu1~16.04.10' --with-bugurl=file:///usr/share/doc/gcc-5/README.Bugs --enable-languages=c,ada,c++,java,go,d,fortran,objc,obj-c++ --prefix=/usr --program-suffix=-5 --enable-shared --enable-linker-build-id --libexecdir=/usr/lib --without-included-gettext --enable-threads=posix --libdir=/usr/lib --enable-nls --with-sysroot=/ --enable-clocale=gnu --enable-libstdcxx-debug --enable-libstdcxx-time=yes --with-default-libstdcxx-abi=new --enable-gnu-unique-object --disable-libquadmath --enable-plugin --with-system-zlib --disable-browser-plugin --enable-java-awt=gtk --enable-gtk-cairo --with-java-home=/usr/lib/jvm/java-1.5.0-gcj-5-arm64/jre --enable-java-home --with-jvm-root-dir=/usr/lib/jvm/java-1.5.0-gcj-5-arm64 --with-jvm-jar-dir=/usr/lib/jvm-exports/java-1.5.0-gcj-5-arm64 --with-arch-directory=aarch64 --with-ecj-jar=/usr/share/java/eclipse-ecj.jar --enable-multiarch --enable-fix-cortex-a53-843419 --disable-werror --enable-checking=release --build=aarch64-linux-gnu --host=aarch64-linux-gnu --target=aarch64-linux-gnu
Thread model: posix
gcc version 5.4.0 20160609 (Ubuntu/Linaro 5.4.0-6ubuntu1~16.04.10) 
configure:7017: $? = 0
configure:7006: gcc -V >&5
gcc: error: unrecognized command line option '-V'
gcc: fatal error: no input files
compilation terminated.
configure:7017: $? = 1
configure:7006: gcc -qversion >&5
gcc: error: unrecognized command line option '-qversion'
gcc: fatal error: no input files
compilation terminated.
configure:7017: $? = 1
configure:7021: checking whether we are using the GNU C compiler
configure:7049: result: yes
configure:7058: checking whether gcc accepts -g
configure:7119: result: yes
configure:7136: checking for gcc option to accept ISO C89
configure:7212: result: none needed
configure:7237: checking whether gcc understands -c and -o together
configure:7274: result: yes
configure:7293: checking dependency style of gcc
configure:7404: result: gcc3
configure:7477: checking for g++
configure:7493: found /usr/bin/g++
configure:7504: result: g++
configure:7531: checking for C++ compiler version
configure:7540: g++ --version >&5
g++ (Ubuntu/Linaro 5.4.0-6ubuntu1~16.04.10) 5.4.0 20160609
Copyright (C) 2015 Free Software Foundation, Inc.
This is free software; see the source for copying conditions.  There is NO
warranty; not even for MERCHANTABILITY or FITNESS FOR A PARTICULAR PURPOSE.

configure:7551: $? = 0
configure:7540: g++ -v >&5
Using built-in specs.
COLLECT_GCC=g++
COLLECT_LTO_WRAPPER=/usr/lib/gcc/aarch64-linux-gnu/5/lto-wrapper
Target: aarch64-linux-gnu
Configured with: ../src/configure -v --with-pkgversion='Ubuntu/Linaro 5.4.0-6ubuntu1~16.04.10' --with-bugurl=file:///usr/share/doc/gcc-5/README.Bugs --enable-languages=c,ada,c++,java,go,d,fortran,objc,obj-c++ --prefix=/usr --program-suffix=-5 --enable-shared --enable-linker-build-id --libexecdir=/usr/lib --without-included-gettext --enable-threads=posix --libdir=/usr/lib --enable-nls --with-sysroot=/ --enable-clocale=gnu --enable-libstdcxx-debug --enable-libstdcxx-time=yes --with-default-libstdcxx-abi=new --enable-gnu-unique-object --disable-libquadmath --enable-plugin --with-system-zlib --disable-browser-plugin --enable-java-awt=gtk --enable-gtk-cairo --with-java-home=/usr/lib/jvm/java-1.5.0-gcj-5-arm64/jre --enable-java-home --with-jvm-root-dir=/usr/lib/jvm/java-1.5.0-gcj-5-arm64 --with-jvm-jar-dir=/usr/lib/jvm-exports/java-1.5.0-gcj-5-arm64 --with-arch-directory=aarch64 --with-ecj-jar=/usr/share/java/eclipse-ecj.jar --enable-multiarch --enable-fix-cortex-a53-843419 --disable-werror --enable-checking=release --build=aarch64-linux-gnu --host=aarch64-linux-gnu --target=aarch64-linux-gnu
Thread model: posix
gcc version 5.4.0 20160609 (Ubuntu/Linaro 5.4.0-6ubuntu1~16.04.10) 
configure:7551: $? = 0
configure:7540: g++ -V >&5
g++: error: unrecognized command line option '-V'
g++: fatal error: no input files
compilation terminated.
configure:7551: $? = 1
configure:7540: g++ -qversion >&5
g++: error: unrecognized command line option '-qversion'
g++: fatal error: no input files
compilation terminated.
configure:7551: $? = 1
configure:7555: checking whether we are using the GNU C++ compiler
configure:7574: g++ -c   conftest.cpp >&5
configure:7574: $? = 0
configure:7583: result: yes
configure:7592: checking whether g++ accepts -g
configure:7612: g++ -c -g  conftest.cpp >&5
configure:7612: $? = 0
configure:7653: result: yes
configure:7678: checking dependency style of g++
configure:7789: result: gcc3
configure:7805: checking whether ln -s works
configure:7809: result: yes
configure:7862: checking how to print strings
configure:7889: result: printf
configure:7910: checking for a sed that does not truncate output
configure:7974: result: /bin/sed
configure:7992: checking for fgrep
configure:8054: result: /bin/grep -F
configure:8089: checking for ld used by gcc
configure:8156: result: /usr/bin/ld
configure:8163: checking if the linker (/usr/bin/ld) is GNU ld
configure:8178: result: yes
configure:8190: checking for BSD- or MS-compatible name lister (nm)
configure:8244: result: /usr/bin/nm -B
configure:8374: checking the name lister (/usr/bin/nm -B) interface
configure:8381: gcc -c -g -O2  conftest.c >&5
configure:8384: /usr/bin/nm -B "conftest.o"
configure:8387: output
0000000000000000 B some_variable
configure:8394: result: BSD nm
configure:8398: checking the maximum length of command line arguments
configure:8529: result: 1572864
configure:8577: checking how to convert unknown-unknown-linux-gnu file names to unknown-unknown-linux-gnu format
configure:8617: result: func_convert_file_noop
configure:8624: checking how to convert unknown-unknown-linux-gnu file names to toolchain format
configure:8644: result: func_convert_file_noop
configure:8651: checking for /usr/bin/ld option to reload object files
configure:8658: result: -r
configure:8732: checking for objdump
configure:8748: found /usr/bin/objdump
configure:8759: result: objdump
configure:8791: checking how to recognize dependent libraries
configure:8991: result: pass_all
configure:9076: checking for dlltool
configure:9106: result: no
configure:9136: checking how to associate runtime and link libraries
configure:9163: result: printf %s\n
configure:9223: checking for ar
configure:9239: found /usr/bin/ar
configure:9250: result: ar
configure:9287: checking for archiver @FILE support
configure:9304: gcc -c -g -O2  conftest.c >&5
configure:9304: $? = 0
configure:9307: ar cru libconftest.a @conftest.lst >&5
ar: `u' modifier ignored since `D' is the default (see `U')
configure:9310: $? = 0
configure:9315: ar cru libconftest.a @conftest.lst >&5
ar: `u' modifier ignored since `D' is the default (see `U')
ar: conftest.o: No such file or directory
configure:9318: $? = 1
configure:9330: result: @
configure:9388: checking for strip
configure:9404: found /usr/bin/strip
configure:9415: result: strip
configure:9487: checking for ranlib
configure:9503: found /usr/bin/ranlib
configure:9514: result: ranlib
configure:9616: checking command to parse /usr/bin/nm -B output from gcc object
configure:9769: gcc -c -g -O2  conftest.c >&5
configure:9772: $? = 0
configure:9776: /usr/bin/nm -B conftest.o \| sed -n -e 's/^.*[ ]\([ABCDGIRSTW][ABCDGIRSTW]*\)[ ][ ]*\([_A-Za-z][_A-Za-z0-9]*\)$/\1 \2 \2/p' | sed '/ __gnu_lto/d' \> conftest.nm
configure:9779: $? = 0
configure:9845: gcc -o conftest -g -O2   conftest.c conftstm.o >&5
configure:9848: $? = 0
configure:9886: result: ok
configure:9933: checking for sysroot
configure:9963: result: no
configure:9970: checking for a working dd
configure:10008: result: /bin/dd
configure:10012: checking how to truncate binary pipes
configure:10027: result: /bin/dd bs=4096 count=1
configure:10356: checking for mt
configure:10372: found /bin/mt
configure:10383: result: mt
configure:10406: checking if mt is a manifest tool
configure:10412: mt '-?'
configure:10420: result: no
configure:11092: checking for ANSI C header files
configure:11112: gcc -c -g -O2  conftest.c >&5
configure:11112: $? = 0
configure:11185: gcc -o conftest -g -O2   conftest.c  >&5
configure:11185: $? = 0
configure:11185: ./conftest
configure:11185: $? = 0
configure:11196: result: yes
configure:11209: checking for sys/types.h
configure:11209: gcc -c -g -O2  conftest.c >&5
configure:11209: $? = 0
configure:11209: result: yes
configure:11209: checking for sys/stat.h
configure:11209: gcc -c -g -O2  conftest.c >&5
configure:11209: $? = 0
configure:11209: result: yes
configure:11209: checking for stdlib.h
configure:11209: gcc -c -g -O2  conftest.c >&5
configure:11209: $? = 0
configure:11209: result: yes
configure:11209: checking for string.h
configure:11209: gcc -c -g -O2  conftest.c >&5
configure:11209: $? = 0
configure:11209: result: yes
configure:11209: checking for memory.h
configure:11209: gcc -c -g -O2  conftest.c >&5
configure:11209: $? = 0
configure:11209: result: yes
configure:11209: checking for strings.h
configure:11209: gcc -c -g -O2  conftest.c >&5
configure:11209: $? = 0
configure:11209: result: yes
configure:11209: checking for inttypes.h
configure:11209: gcc -c -g -O2  conftest.c >&5
configure:11209: $? = 0
configure:11209: result: yes
configure:11209: checking for stdint.h
configure:11209: gcc -c -g -O2  conftest.c >&5
configure:11209: $? = 0
configure:11209: result: yes
configure:11209: checking for unistd.h
configure:11209: gcc -c -g -O2  conftest.c >&5
configure:11209: $? = 0
configure:11209: result: yes
configure:11223: checking for dlfcn.h
configure:11223: gcc -c -g -O2  conftest.c >&5
configure:11223: $? = 0
configure:11223: result: yes
configure:11490: checking for objdir
configure:11505: result: .libs
configure:11769: checking if gcc supports -fno-rtti -fno-exceptions
configure:11787: gcc -c -g -O2  -fno-rtti -fno-exceptions conftest.c >&5
cc1: warning: command line option '-fno-rtti' is valid for C++/ObjC++ but not for C
configure:11791: $? = 0
configure:11804: result: no
configure:12162: checking for gcc option to produce PIC
configure:12169: result: -fPIC -DPIC
configure:12177: checking if gcc PIC flag -fPIC -DPIC works
configure:12195: gcc -c -g -O2  -fPIC -DPIC -DPIC conftest.c >&5
configure:12199: $? = 0
configure:12212: result: yes
configure:12241: checking if gcc static flag -static works
configure:12269: result: yes
configure:12284: checking if gcc supports -c -o file.o
configure:12305: gcc -c -g -O2  -o out/conftest2.o conftest.c >&5
configure:12309: $? = 0
configure:12331: result: yes
configure:12339: checking if gcc supports -c -o file.o
configure:12386: result: yes
configure:12419: checking whether the gcc linker (/usr/bin/ld) supports shared libraries
configure:13682: result: yes
configure:13719: checking whether -lc should be explicitly linked in
configure:13727: gcc -c -g -O2  conftest.c >&5
configure:13730: $? = 0
configure:13745: gcc -shared  -fPIC -DPIC conftest.o  -v -Wl,-soname -Wl,conftest -o conftest 2\>\&1 \| /bin/grep  -lc  \>/dev/null 2\>\&1
configure:13748: $? = 0
configure:13762: result: no
configure:13922: checking dynamic linker characteristics
configure:14503: gcc -o conftest -g -O2   -Wl,-rpath -Wl,/foo conftest.c  >&5
configure:14503: $? = 0
configure:14752: result: GNU/Linux ld.so
configure:14874: checking how to hardcode library paths into programs
configure:14899: result: immediate
configure:15447: checking whether stripping libraries is possible
configure:15452: result: yes
configure:15487: checking if libtool supports shared libraries
configure:15489: result: yes
configure:15492: checking whether to build shared libraries
configure:15517: result: yes
configure:15520: checking whether to build static libraries
configure:15524: result: yes
configure:15547: checking how to run the C++ preprocessor
configure:15574: g++ -E  conftest.cpp
configure:15574: $? = 0
configure:15588: g++ -E  conftest.cpp
conftest.cpp:26:28: fatal error: ac_nonexistent.h: No such file or directory
compilation terminated.
configure:15588: $? = 1
configure: failed program was:
| /* confdefs.h */
| #define PACKAGE_NAME "the fast lexical analyser generator"
| #define PACKAGE_TARNAME "flex"
| #define PACKAGE_VERSION "2.5.38"
| #define PACKAGE_STRING "the fast lexical analyser generator 2.5.38"
| #define PACKAGE_BUGREPORT "flex-help@lists.sourceforge.net"
| #define PACKAGE_URL ""
| #define PACKAGE "flex"
| #define VERSION "2.5.38"
| #define ENABLE_NLS 1
| #define HAVE_GETTEXT 1
| #define HAVE_DCGETTEXT 1
| #define STDC_HEADERS 1
| #define HAVE_SYS_TYPES_H 1
| #define HAVE_SYS_STAT_H 1
| #define HAVE_STDLIB_H 1
| #define HAVE_STRING_H 1
| #define HAVE_MEMORY_H 1
| #define HAVE_STRINGS_H 1
| #define HAVE_INTTYPES_H 1
| #define HAVE_STDINT_H 1
| #define HAVE_UNISTD_H 1
| #define HAVE_DLFCN_H 1
| #define LT_OBJDIR ".libs/"
| /* end confdefs.h.  */
| #include <ac_nonexistent.h>
configure:15613: result: g++ -E
configure:15633: g++ -E  conftest.cpp
configure:15633: $? = 0
configure:15647: g++ -E  conftest.cpp
conftest.cpp:26:28: fatal error: ac_nonexistent.h: No such file or directory
compilation terminated.
configure:15647: $? = 1
configure: failed program was:
| /* confdefs.h */
| #define PACKAGE_NAME "the fast lexical analyser generator"
| #define PACKAGE_TARNAME "flex"
| #define PACKAGE_VERSION "2.5.38"
| #define PACKAGE_STRING "the fast lexical analyser generator 2.5.38"
| #define PACKAGE_BUGREPORT "flex-help@lists.sourceforge.net"
| #define PACKAGE_URL ""
| #define PACKAGE "flex"
| #define VERSION "2.5.38"
| #define ENABLE_NLS 1
| #define HAVE_GETTEXT 1
| #define HAVE_DCGETTEXT 1
| #define STDC_HEADERS 1
| #define HAVE_SYS_TYPES_H 1
| #define HAVE_SYS_STAT_H 1
| #define HAVE_STDLIB_H 1
| #define HAVE_STRING_H 1
| #define HAVE_MEMORY_H 1
| #define HAVE_STRINGS_H 1
| #define HAVE_INTTYPES_H 1
| #define HAVE_STDINT_H 1
| #define HAVE_UNISTD_H 1
| #define HAVE_DLFCN_H 1
| #define LT_OBJDIR ".libs/"
| /* end confdefs.h.  */
| #include <ac_nonexistent.h>
configure:15809: checking for ld used by g++
configure:15876: result: /usr/bin/ld
configure:15883: checking if the linker (/usr/bin/ld) is GNU ld
configure:15898: result: yes
configure:15953: checking whether the g++ linker (/usr/bin/ld) supports shared libraries
configure:17026: result: yes
configure:17062: g++ -c -g -O2  conftest.cpp >&5
configure:17065: $? = 0
configure:17546: checking for g++ option to produce PIC
configure:17553: result: -fPIC -DPIC
configure:17561: checking if g++ PIC flag -fPIC -DPIC works
configure:17579: g++ -c -g -O2  -fPIC -DPIC -DPIC conftest.cpp >&5
configure:17583: $? = 0
configure:17596: result: yes
configure:17619: checking if g++ static flag -static works
configure:17647: result: yes
configure:17659: checking if g++ supports -c -o file.o
configure:17680: g++ -c -g -O2  -o out/conftest2.o conftest.cpp >&5
configure:17684: $? = 0
configure:17706: result: yes
configure:17711: checking if g++ supports -c -o file.o
configure:17758: result: yes
configure:17788: checking whether the g++ linker (/usr/bin/ld) supports shared libraries
configure:17831: result: yes
configure:17972: checking dynamic linker characteristics
configure:18729: result: GNU/Linux ld.so
configure:18794: checking how to hardcode library paths into programs
configure:18819: result: immediate
configure:18884: checking for gawk
configure:18911: result: gawk
configure:18926: checking for bison
configure:18944: found /usr/local/bin/bison
configure:18957: result: /usr/local/bin/bison
configure:18967: checking for help2man
configure:18998: result: help2man
configure:19009: checking for m4 that supports -P
configure:19042: result: /usr/bin/m4
configure:19054: checking for indent
configure:19085: result: indent
configure:19107: WARNING: no indent program found: make indent target will not function
configure:19113: checking for ANSI C header files
configure:19217: result: yes
configure:19225: checking for sys/wait.h that is POSIX.1 compatible
configure:19251: gcc -c -g -O2  conftest.c >&5
configure:19251: $? = 0
configure:19258: result: yes
configure:19269: checking for inttypes.h
configure:19269: result: yes
configure:19269: checking libintl.h usability
configure:19269: gcc -c -g -O2  conftest.c >&5
configure:19269: $? = 0
configure:19269: result: yes
configure:19269: checking libintl.h presence
configure:19269: gcc -E  conftest.c
configure:19269: $? = 0
configure:19269: result: yes
configure:19269: checking for libintl.h
configure:19269: result: yes
configure:19269: checking limits.h usability
configure:19269: gcc -c -g -O2  conftest.c >&5
configure:19269: $? = 0
configure:19269: result: yes
configure:19269: checking limits.h presence
configure:19269: gcc -E  conftest.c
configure:19269: $? = 0
configure:19269: result: yes
configure:19269: checking for limits.h
configure:19269: result: yes
configure:19269: checking locale.h usability
configure:19269: gcc -c -g -O2  conftest.c >&5
configure:19269: $? = 0
configure:19269: result: yes
configure:19269: checking locale.h presence
configure:19269: gcc -E  conftest.c
configure:19269: $? = 0
configure:19269: result: yes
configure:19269: checking for locale.h
configure:19269: result: yes
configure:19269: checking malloc.h usability
configure:19269: gcc -c -g -O2  conftest.c >&5
configure:19269: $? = 0
configure:19269: result: yes
configure:19269: checking malloc.h presence
configure:19269: gcc -E  conftest.c
configure:19269: $? = 0
configure:19269: result: yes
configure:19269: checking for malloc.h
configure:19269: result: yes
configure:19269: checking netinet/in.h usability
configure:19269: gcc -c -g -O2  conftest.c >&5
configure:19269: $? = 0
configure:19269: result: yes
configure:19269: checking netinet/in.h presence
configure:19269: gcc -E  conftest.c
configure:19269: $? = 0
configure:19269: result: yes
configure:19269: checking for netinet/in.h
configure:19269: result: yes
configure:19269: checking regex.h usability
configure:19269: gcc -c -g -O2  conftest.c >&5
configure:19269: $? = 0
configure:19269: result: yes
configure:19269: checking regex.h presence
configure:19269: gcc -E  conftest.c
configure:19269: $? = 0
configure:19269: result: yes
configure:19269: checking for regex.h
configure:19269: result: yes
configure:19269: checking stddef.h usability
configure:19269: gcc -c -g -O2  conftest.c >&5
configure:19269: $? = 0
configure:19269: result: yes
configure:19269: checking stddef.h presence
configure:19269: gcc -E  conftest.c
configure:19269: $? = 0
configure:19269: result: yes
configure:19269: checking for stddef.h
configure:19269: result: yes
configure:19269: checking for stdlib.h
configure:19269: result: yes
configure:19269: checking for string.h
configure:19269: result: yes
configure:19269: checking for strings.h
configure:19269: result: yes
configure:19269: checking for unistd.h
configure:19269: result: yes
configure:19286: checking for pthread_mutex_lock in -lpthread
configure:19311: gcc -o conftest -g -O2   conftest.c -lpthread   >&5
configure:19311: $? = 0
configure:19320: result: yes
configure:19335: checking pthread.h usability
configure:19335: gcc -c -g -O2  conftest.c >&5
configure:19335: $? = 0
configure:19335: result: yes
configure:19335: checking pthread.h presence
configure:19335: gcc -E  conftest.c
configure:19335: $? = 0
configure:19335: result: yes
configure:19335: checking for pthread.h
configure:19335: result: yes
configure:19346: checking for log10 in -lm
configure:19371: gcc -o conftest -g -O2   conftest.c -lm   >&5
conftest.c:50:6: warning: conflicting types for built-in function 'log10'
 char log10 ();
      ^
configure:19371: $? = 0
configure:19380: result: yes
configure:19394: checking for stdbool.h that conforms to C99
configure:19461: gcc -c -g -O2  conftest.c >&5
configure:19461: $? = 0
configure:19468: result: yes
configure:19470: checking for _Bool
configure:19470: gcc -c -g -O2  conftest.c >&5
configure:19470: $? = 0
configure:19470: gcc -c -g -O2  conftest.c >&5
conftest.c: In function 'main':
conftest.c:80:20: error: expected expression before ')' token
 if (sizeof ((_Bool)))
                    ^
configure:19470: $? = 1
configure: failed program was:
| /* confdefs.h */
| #define PACKAGE_NAME "the fast lexical analyser generator"
| #define PACKAGE_TARNAME "flex"
| #define PACKAGE_VERSION "2.5.38"
| #define PACKAGE_STRING "the fast lexical analyser generator 2.5.38"
| #define PACKAGE_BUGREPORT "flex-help@lists.sourceforge.net"
| #define PACKAGE_URL ""
| #define PACKAGE "flex"
| #define VERSION "2.5.38"
| #define ENABLE_NLS 1
| #define HAVE_GETTEXT 1
| #define HAVE_DCGETTEXT 1
| #define STDC_HEADERS 1
| #define HAVE_SYS_TYPES_H 1
| #define HAVE_SYS_STAT_H 1
| #define HAVE_STDLIB_H 1
| #define HAVE_STRING_H 1
| #define HAVE_MEMORY_H 1
| #define HAVE_STRINGS_H 1
| #define HAVE_INTTYPES_H 1
| #define HAVE_STDINT_H 1
| #define HAVE_UNISTD_H 1
| #define HAVE_DLFCN_H 1
| #define LT_OBJDIR ".libs/"
| #define M4 "/usr/bin/m4"
| #define STDC_HEADERS 1
| #define HAVE_SYS_WAIT_H 1
| #define HAVE_INTTYPES_H 1
| #define HAVE_LIBINTL_H 1
| #define HAVE_LIMITS_H 1
| #define HAVE_LOCALE_H 1
| #define HAVE_MALLOC_H 1
| #define HAVE_NETINET_IN_H 1
| #define HAVE_REGEX_H 1
| #define HAVE_STDDEF_H 1
| #define HAVE_STDLIB_H 1
| #define HAVE_STRING_H 1
| #define HAVE_STRINGS_H 1
| #define HAVE_UNISTD_H 1
| #define HAVE_LIBPTHREAD 1
| #define HAVE_PTHREAD_H 1
| #define HAVE_LIBM 1
| /* end confdefs.h.  */
| #include <stdio.h>
| #ifdef HAVE_SYS_TYPES_H
| # include <sys/types.h>
| #endif
| #ifdef HAVE_SYS_STAT_H
| # include <sys/stat.h>
| #endif
| #ifdef STDC_HEADERS
| # include <stdlib.h>
| # include <stddef.h>
| #else
| # ifdef HAVE_STDLIB_H
| #  include <stdlib.h>
| # endif
| #endif
| #ifdef HAVE_STRING_H
| # if !defined STDC_HEADERS && defined HAVE_MEMORY_H
| #  include <memory.h>
| # endif
| # include <string.h>
| #endif
| #ifdef HAVE_STRINGS_H
| # include <strings.h>
| #endif
| #ifdef HAVE_INTTYPES_H
| # include <inttypes.h>
| #endif
| #ifdef HAVE_STDINT_H
| # include <stdint.h>
| #endif
| #ifdef HAVE_UNISTD_H
| # include <unistd.h>
| #endif
| int
| main ()
| {
| if (sizeof ((_Bool)))
| 	    return 0;
|   ;
|   return 0;
| }
configure:19470: result: yes
configure:19487: checking for an ANSI C-conforming const
configure:19553: gcc -c -g -O2  conftest.c >&5
configure:19553: $? = 0
configure:19560: result: yes
configure:19568: checking for size_t
configure:19568: gcc -c -g -O2  conftest.c >&5
configure:19568: $? = 0
configure:19568: gcc -c -g -O2  conftest.c >&5
conftest.c: In function 'main':
conftest.c:82:21: error: expected expression before ')' token
 if (sizeof ((size_t)))
                     ^
configure:19568: $? = 1
configure: failed program was:
| /* confdefs.h */
| #define PACKAGE_NAME "the fast lexical analyser generator"
| #define PACKAGE_TARNAME "flex"
| #define PACKAGE_VERSION "2.5.38"
| #define PACKAGE_STRING "the fast lexical analyser generator 2.5.38"
| #define PACKAGE_BUGREPORT "flex-help@lists.sourceforge.net"
| #define PACKAGE_URL ""
| #define PACKAGE "flex"
| #define VERSION "2.5.38"
| #define ENABLE_NLS 1
| #define HAVE_GETTEXT 1
| #define HAVE_DCGETTEXT 1
| #define STDC_HEADERS 1
| #define HAVE_SYS_TYPES_H 1
| #define HAVE_SYS_STAT_H 1
| #define HAVE_STDLIB_H 1
| #define HAVE_STRING_H 1
| #define HAVE_MEMORY_H 1
| #define HAVE_STRINGS_H 1
| #define HAVE_INTTYPES_H 1
| #define HAVE_STDINT_H 1
| #define HAVE_UNISTD_H 1
| #define HAVE_DLFCN_H 1
| #define LT_OBJDIR ".libs/"
| #define M4 "/usr/bin/m4"
| #define STDC_HEADERS 1
| #define HAVE_SYS_WAIT_H 1
| #define HAVE_INTTYPES_H 1
| #define HAVE_LIBINTL_H 1
| #define HAVE_LIMITS_H 1
| #define HAVE_LOCALE_H 1
| #define HAVE_MALLOC_H 1
| #define HAVE_NETINET_IN_H 1
| #define HAVE_REGEX_H 1
| #define HAVE_STDDEF_H 1
| #define HAVE_STDLIB_H 1
| #define HAVE_STRING_H 1
| #define HAVE_STRINGS_H 1
| #define HAVE_UNISTD_H 1
| #define HAVE_LIBPTHREAD 1
| #define HAVE_PTHREAD_H 1
| #define HAVE_LIBM 1
| #define HAVE__BOOL 1
| #define HAVE_STDBOOL_H 1
| /* end confdefs.h.  */
| #include <stdio.h>
| #ifdef HAVE_SYS_TYPES_H
| # include <sys/types.h>
| #endif
| #ifdef HAVE_SYS_STAT_H
| # include <sys/stat.h>
| #endif
| #ifdef STDC_HEADERS
| # include <stdlib.h>
| # include <stddef.h>
| #else
| # ifdef HAVE_STDLIB_H
| #  include <stdlib.h>
| # endif
| #endif
| #ifdef HAVE_STRING_H
| # if !defined STDC_HEADERS && defined HAVE_MEMORY_H
| #  include <memory.h>
| # endif
| # include <string.h>
| #endif
| #ifdef HAVE_STRINGS_H
| # include <strings.h>
| #endif
| #ifdef HAVE_INTTYPES_H
| # include <inttypes.h>
| #endif
| #ifdef HAVE_STDINT_H
| # include <stdint.h>
| #endif
| #ifdef HAVE_UNISTD_H
| # include <unistd.h>
| #endif
| int
| main ()
| {
| if (sizeof ((size_t)))
| 	    return 0;
|   ;
|   return 0;
| }
configure:19568: result: yes
configure:19584: checking for working alloca.h
configure:19601: gcc -o conftest -g -O2   conftest.c -lm  >&5
configure:19601: $? = 0
configure:19609: result: yes
configure:19617: checking for alloca
configure:19654: gcc -o conftest -g -O2   conftest.c -lm  >&5
configure:19654: $? = 0
configure:19662: result: yes
configure:19768: checking for pid_t
configure:19768: gcc -c -g -O2  conftest.c >&5
configure:19768: $? = 0
configure:19768: gcc -c -g -O2  conftest.c >&5
conftest.c: In function 'main':
conftest.c:84:20: error: expected expression before ')' token
 if (sizeof ((pid_t)))
                    ^
configure:19768: $? = 1
configure: failed program was:
| /* confdefs.h */
| #define PACKAGE_NAME "the fast lexical analyser generator"
| #define PACKAGE_TARNAME "flex"
| #define PACKAGE_VERSION "2.5.38"
| #define PACKAGE_STRING "the fast lexical analyser generator 2.5.38"
| #define PACKAGE_BUGREPORT "flex-help@lists.sourceforge.net"
| #define PACKAGE_URL ""
| #define PACKAGE "flex"
| #define VERSION "2.5.38"
| #define ENABLE_NLS 1
| #define HAVE_GETTEXT 1
| #define HAVE_DCGETTEXT 1
| #define STDC_HEADERS 1
| #define HAVE_SYS_TYPES_H 1
| #define HAVE_SYS_STAT_H 1
| #define HAVE_STDLIB_H 1
| #define HAVE_STRING_H 1
| #define HAVE_MEMORY_H 1
| #define HAVE_STRINGS_H 1
| #define HAVE_INTTYPES_H 1
| #define HAVE_STDINT_H 1
| #define HAVE_UNISTD_H 1
| #define HAVE_DLFCN_H 1
| #define LT_OBJDIR ".libs/"
| #define M4 "/usr/bin/m4"
| #define STDC_HEADERS 1
| #define HAVE_SYS_WAIT_H 1
| #define HAVE_INTTYPES_H 1
| #define HAVE_LIBINTL_H 1
| #define HAVE_LIMITS_H 1
| #define HAVE_LOCALE_H 1
| #define HAVE_MALLOC_H 1
| #define HAVE_NETINET_IN_H 1
| #define HAVE_REGEX_H 1
| #define HAVE_STDDEF_H 1
| #define HAVE_STDLIB_H 1
| #define HAVE_STRING_H 1
| #define HAVE_STRINGS_H 1
| #define HAVE_UNISTD_H 1
| #define HAVE_LIBPTHREAD 1
| #define HAVE_PTHREAD_H 1
| #define HAVE_LIBM 1
| #define HAVE__BOOL 1
| #define HAVE_STDBOOL_H 1
| #define HAVE_ALLOCA_H 1
| #define HAVE_ALLOCA 1
| /* end confdefs.h.  */
| #include <stdio.h>
| #ifdef HAVE_SYS_TYPES_H
| # include <sys/types.h>
| #endif
| #ifdef HAVE_SYS_STAT_H
| # include <sys/stat.h>
| #endif
| #ifdef STDC_HEADERS
| # include <stdlib.h>
| # include <stddef.h>
| #else
| # ifdef HAVE_STDLIB_H
| #  include <stdlib.h>
| # endif
| #endif
| #ifdef HAVE_STRING_H
| # if !defined STDC_HEADERS && defined HAVE_MEMORY_H
| #  include <memory.h>
| # endif
| # include <string.h>
| #endif
| #ifdef HAVE_STRINGS_H
| # include <strings.h>
| #endif
| #ifdef HAVE_INTTYPES_H
| # include <inttypes.h>
| #endif
| #ifdef HAVE_STDINT_H
| # include <stdint.h>
| #endif
| #ifdef HAVE_UNISTD_H
| # include <unistd.h>
| #endif
| int
| main ()
| {
| if (sizeof ((pid_t)))
| 	    return 0;
|   ;
|   return 0;
| }
configure:19768: result: yes
configure:19781: checking vfork.h usability
configure:19781: gcc -c -g -O2  conftest.c >&5
conftest.c:81:19: fatal error: vfork.h: No such file or directory
compilation terminated.
configure:19781: $? = 1
configure: failed program was:
| /* confdefs.h */
| #define PACKAGE_NAME "the fast lexical analyser generator"
| #define PACKAGE_TARNAME "flex"
| #define PACKAGE_VERSION "2.5.38"
| #define PACKAGE_STRING "the fast lexical analyser generator 2.5.38"
| #define PACKAGE_BUGREPORT "flex-help@lists.sourceforge.net"
| #define PACKAGE_URL ""
| #define PACKAGE "flex"
| #define VERSION "2.5.38"
| #define ENABLE_NLS 1
| #define HAVE_GETTEXT 1
| #define HAVE_DCGETTEXT 1
| #define STDC_HEADERS 1
| #define HAVE_SYS_TYPES_H 1
| #define HAVE_SYS_STAT_H 1
| #define HAVE_STDLIB_H 1
| #define HAVE_STRING_H 1
| #define HAVE_MEMORY_H 1
| #define HAVE_STRINGS_H 1
| #define HAVE_INTTYPES_H 1
| #define HAVE_STDINT_H 1
| #define HAVE_UNISTD_H 1
| #define HAVE_DLFCN_H 1
| #define LT_OBJDIR ".libs/"
| #define M4 "/usr/bin/m4"
| #define STDC_HEADERS 1
| #define HAVE_SYS_WAIT_H 1
| #define HAVE_INTTYPES_H 1
| #define HAVE_LIBINTL_H 1
| #define HAVE_LIMITS_H 1
| #define HAVE_LOCALE_H 1
| #define HAVE_MALLOC_H 1
| #define HAVE_NETINET_IN_H 1
| #define HAVE_REGEX_H 1
| #define HAVE_STDDEF_H 1
| #define HAVE_STDLIB_H 1
| #define HAVE_STRING_H 1
| #define HAVE_STRINGS_H 1
| #define HAVE_UNISTD_H 1
| #define HAVE_LIBPTHREAD 1
| #define HAVE_PTHREAD_H 1
| #define HAVE_LIBM 1
| #define HAVE__BOOL 1
| #define HAVE_STDBOOL_H 1
| #define HAVE_ALLOCA_H 1
| #define HAVE_ALLOCA 1
| /* end confdefs.h.  */
| #include <stdio.h>
| #ifdef HAVE_SYS_TYPES_H
| # include <sys/types.h>
| #endif
| #ifdef HAVE_SYS_STAT_H
| # include <sys/stat.h>
| #endif
| #ifdef STDC_HEADERS
| # include <stdlib.h>
| # include <stddef.h>
| #else
| # ifdef HAVE_STDLIB_H
| #  include <stdlib.h>
| # endif
| #endif
| #ifdef HAVE_STRING_H
| # if !defined STDC_HEADERS && defined HAVE_MEMORY_H
| #  include <memory.h>
| # endif
| # include <string.h>
| #endif
| #ifdef HAVE_STRINGS_H
| # include <strings.h>
| #endif
| #ifdef HAVE_INTTYPES_H
| # include <inttypes.h>
| #endif
| #ifdef HAVE_STDINT_H
| # include <stdint.h>
| #endif
| #ifdef HAVE_UNISTD_H
| # include <unistd.h>
| #endif
| #include <vfork.h>
configure:19781: result: no
configure:19781: checking vfork.h presence
configure:19781: gcc -E  conftest.c
conftest.c:48:19: fatal error: vfork.h: No such file or directory
compilation terminated.
configure:19781: $? = 1
configure: failed program was:
| /* confdefs.h */
| #define PACKAGE_NAME "the fast lexical analyser generator"
| #define PACKAGE_TARNAME "flex"
| #define PACKAGE_VERSION "2.5.38"
| #define PACKAGE_STRING "the fast lexical analyser generator 2.5.38"
| #define PACKAGE_BUGREPORT "flex-help@lists.sourceforge.net"
| #define PACKAGE_URL ""
| #define PACKAGE "flex"
| #define VERSION "2.5.38"
| #define ENABLE_NLS 1
| #define HAVE_GETTEXT 1
| #define HAVE_DCGETTEXT 1
| #define STDC_HEADERS 1
| #define HAVE_SYS_TYPES_H 1
| #define HAVE_SYS_STAT_H 1
| #define HAVE_STDLIB_H 1
| #define HAVE_STRING_H 1
| #define HAVE_MEMORY_H 1
| #define HAVE_STRINGS_H 1
| #define HAVE_INTTYPES_H 1
| #define HAVE_STDINT_H 1
| #define HAVE_UNISTD_H 1
| #define HAVE_DLFCN_H 1
| #define LT_OBJDIR ".libs/"
| #define M4 "/usr/bin/m4"
| #define STDC_HEADERS 1
| #define HAVE_SYS_WAIT_H 1
| #define HAVE_INTTYPES_H 1
| #define HAVE_LIBINTL_H 1
| #define HAVE_LIMITS_H 1
| #define HAVE_LOCALE_H 1
| #define HAVE_MALLOC_H 1
| #define HAVE_NETINET_IN_H 1
| #define HAVE_REGEX_H 1
| #define HAVE_STDDEF_H 1
| #define HAVE_STDLIB_H 1
| #define HAVE_STRING_H 1
| #define HAVE_STRINGS_H 1
| #define HAVE_UNISTD_H 1
| #define HAVE_LIBPTHREAD 1
| #define HAVE_PTHREAD_H 1
| #define HAVE_LIBM 1
| #define HAVE__BOOL 1
| #define HAVE_STDBOOL_H 1
| #define HAVE_ALLOCA_H 1
| #define HAVE_ALLOCA 1
| /* end confdefs.h.  */
| #include <vfork.h>
configure:19781: result: no
configure:19781: checking for vfork.h
configure:19781: result: no
configure:19794: checking for fork
configure:19794: gcc -o conftest -g -O2   conftest.c -lm  >&5
conftest.c:71:6: warning: conflicting types for built-in function 'fork'
 char fork ();
      ^
configure:19794: $? = 0
configure:19794: result: yes
configure:19794: checking for vfork
configure:19794: gcc -o conftest -g -O2   conftest.c -lm  >&5
configure:19794: $? = 0
configure:19794: result: yes
configure:19804: checking for working fork
configure:19826: gcc -o conftest -g -O2   conftest.c -lm  >&5
configure:19826: $? = 0
configure:19826: ./conftest
configure:19826: $? = 0
configure:19836: result: yes
configure:19857: checking for working vfork
configure:19967: result: yes
configure:19994: checking for stdlib.h
configure:19994: result: yes
configure:20004: checking for GNU libc compatible malloc
configure:20028: gcc -o conftest -g -O2   conftest.c -lm  >&5
configure:20028: $? = 0
configure:20028: ./conftest
configure:20028: $? = 0
configure:20038: result: yes
configure:20061: checking for stdlib.h
configure:20061: result: yes
configure:20071: checking for GNU libc compatible realloc
configure:20095: gcc -o conftest -g -O2   conftest.c -lm  >&5
configure:20095: $? = 0
configure:20095: ./conftest
configure:20095: $? = 0
configure:20105: result: yes
configure:20129: checking for dup2
configure:20129: gcc -o conftest -g -O2   conftest.c -lm  >&5
configure:20129: $? = 0
configure:20129: result: yes
configure:20129: checking for isascii
configure:20129: gcc -o conftest -g -O2   conftest.c -lm  >&5
conftest.c:80:6: warning: conflicting types for built-in function 'isascii'
 char isascii ();
      ^
configure:20129: $? = 0
configure:20129: result: yes
configure:20129: checking for memset
configure:20129: gcc -o conftest -g -O2   conftest.c -lm  >&5
conftest.c:81:6: warning: conflicting types for built-in function 'memset'
 char memset ();
      ^
configure:20129: $? = 0
configure:20129: result: yes
configure:20129: checking for pow
configure:20129: gcc -o conftest -g -O2   conftest.c -lm  >&5
conftest.c:82:6: warning: conflicting types for built-in function 'pow'
 char pow ();
      ^
configure:20129: $? = 0
configure:20129: result: yes
configure:20129: checking for regcomp
configure:20129: gcc -o conftest -g -O2   conftest.c -lm  >&5
configure:20129: $? = 0
configure:20129: result: yes
configure:20129: checking for setlocale
configure:20129: gcc -o conftest -g -O2   conftest.c -lm  >&5
configure:20129: $? = 0
configure:20129: result: yes
configure:20129: checking for strchr
configure:20129: gcc -o conftest -g -O2   conftest.c -lm  >&5
conftest.c:85:6: warning: conflicting types for built-in function 'strchr'
 char strchr ();
      ^
configure:20129: $? = 0
configure:20129: result: yes
configure:20129: checking for strtol
configure:20129: gcc -o conftest -g -O2   conftest.c -lm  >&5
configure:20129: $? = 0
configure:20129: result: yes
configure:20251: checking that generated files are newer than configure
configure:20257: result: done
configure:20288: creating ./config.status

## ---------------------- ##
## Running config.status. ##
## ---------------------- ##

This file was extended by the fast lexical analyser generator config.status 2.5.38, which was
generated by GNU Autoconf 2.69.  Invocation command line was

  CONFIG_FILES    = 
  CONFIG_HEADERS  = 
  CONFIG_LINKS    = 
  CONFIG_COMMANDS = 
  $ ./config.status 

on pc5

config.status:1280: creating Makefile
config.status:1280: creating doc/Makefile
config.status:1280: creating examples/Makefile
config.status:1280: creating examples/fastwc/Makefile
config.status:1280: creating examples/manual/Makefile
config.status:1280: creating lib/Makefile
config.status:1280: creating po/Makefile.in
config.status:1280: creating tools/Makefile
config.status:1280: creating tests/Makefile
config.status:1280: creating tests/TEMPLATE/Makefile
config.status:1280: creating tests/test-array-nr/Makefile
config.status:1280: creating tests/test-array-r/Makefile
config.status:1280: creating tests/test-basic-nr/Makefile
config.status:1280: creating tests/test-basic-r/Makefile
config.status:1280: creating tests/test-bison-yylloc/Makefile
config.status:1280: creating tests/test-bison-yylval/Makefile
config.status:1280: creating tests/test-c-cpp-nr/Makefile
config.status:1280: creating tests/test-c-cpp-r/Makefile
config.status:1280: creating tests/test-header-nr/Makefile
config.status:1280: creating tests/test-header-r/Makefile
config.status:1280: creating tests/test-include-by-buffer/Makefile
config.status:1280: creating tests/test-include-by-push/Makefile
config.status:1280: creating tests/test-include-by-reentrant/Makefile
config.status:1280: creating tests/test-multiple-scanners-nr/Makefile
config.status:1280: creating tests/test-multiple-scanners-r/Makefile
config.status:1280: creating tests/test-noansi-nr/Makefile
config.status:1280: creating tests/test-noansi-r/Makefile
config.status:1280: creating tests/test-prefix-nr/Makefile
config.status:1280: creating tests/test-prefix-r/Makefile
config.status:1280: creating tests/test-pthread/Makefile
config.status:1280: creating tests/test-string-nr/Makefile
config.status:1280: creating tests/test-string-r/Makefile
config.status:1280: creating tests/test-yyextra/Makefile
config.status:1280: creating tests/test-alloc-extra/Makefile
config.status:1280: creating tests/test-lineno-nr/Makefile
config.status:1280: creating tests/test-lineno-trailing/Makefile
config.status:1280: creating tests/test-lineno-r/Makefile
config.status:1280: creating tests/test-linedir-r/Makefile
config.status:1280: creating tests/test-debug-r/Makefile
config.status:1280: creating tests/test-debug-nr/Makefile
config.status:1280: creating tests/test-mem-nr/Makefile
config.status:1280: creating tests/test-mem-r/Makefile
config.status:1280: creating tests/test-posix/Makefile
config.status:1280: creating tests/test-posixly-correct/Makefile
config.status:1280: creating tests/test-table-opts/Makefile
config.status:1280: creating tests/test-c++-basic/Makefile
config.status:1280: creating tests/test-bison-nr/Makefile
config.status:1280: creating tests/test-reject/Makefile
config.status:1280: creating tests/test-c++-multiple-scanners/Makefile
config.status:1280: creating tests/test-top/Makefile
config.status:1280: creating tests/test-rescan-nr/Makefile
config.status:1280: creating tests/test-rescan-r/Makefile
config.status:1280: creating tests/test-quotes/Makefile
config.status:1280: creating tests/test-ccl/Makefile
config.status:1280: creating tests/test-extended/Makefile
config.status:1280: creating tests/test-c++-yywrap/Makefile
config.status:1280: creating tests/test-concatenated-options/Makefile
config.status:1280: creating config.h
config.status:1509: executing po-directories commands
config.status:1509: executing depfiles commands
config.status:1509: executing libtool commands

## ---------------- ##
## Cache variables. ##
## ---------------- ##

ac_cv_build=unknown-unknown-linux-gnu
ac_cv_c_compiler_gnu=yes
ac_cv_c_const=yes
ac_cv_cxx_compiler_gnu=yes
ac_cv_env_CCC_set=
ac_cv_env_CCC_value=
ac_cv_env_CC_set=
ac_cv_env_CC_value=
ac_cv_env_CFLAGS_set=
ac_cv_env_CFLAGS_value=
ac_cv_env_CPPFLAGS_set=
ac_cv_env_CPPFLAGS_value=
ac_cv_env_CPP_set=
ac_cv_env_CPP_value=
ac_cv_env_CXXCPP_set=
ac_cv_env_CXXCPP_value=
ac_cv_env_CXXFLAGS_set=
ac_cv_env_CXXFLAGS_value=
ac_cv_env_CXX_set=
ac_cv_env_CXX_value=
ac_cv_env_LDFLAGS_set=
ac_cv_env_LDFLAGS_value=
ac_cv_env_LIBS_set=
ac_cv_env_LIBS_value=
ac_cv_env_LT_SYS_LIBRARY_PATH_set=
ac_cv_env_LT_SYS_LIBRARY_PATH_value=
ac_cv_env_YACC_set=
ac_cv_env_YACC_value=
ac_cv_env_YFLAGS_set=
ac_cv_env_YFLAGS_value=
ac_cv_env_build_alias_set=set
ac_cv_env_build_alias_value=unknown-unknown-linux
ac_cv_env_host_alias_set=
ac_cv_env_host_alias_value=
ac_cv_env_target_alias_set=
ac_cv_env_target_alias_value=
ac_cv_func_alloca_works=yes
ac_cv_func_dup2=yes
ac_cv_func_fork=yes
ac_cv_func_fork_works=yes
ac_cv_func_isascii=yes
ac_cv_func_malloc_0_nonnull=yes
ac_cv_func_memset=yes
ac_cv_func_pow=yes
ac_cv_func_realloc_0_nonnull=yes
ac_cv_func_regcomp=yes
ac_cv_func_setlocale=yes
ac_cv_func_strchr=yes
ac_cv_func_strtol=yes
ac_cv_func_vfork=yes
ac_cv_func_vfork_works=yes
ac_cv_header_dlfcn_h=yes
ac_cv_header_inttypes_h=yes
ac_cv_header_libintl_h=yes
ac_cv_header_limits_h=yes
ac_cv_header_locale_h=yes
ac_cv_header_malloc_h=yes
ac_cv_header_memory_h=yes
ac_cv_header_netinet_in_h=yes
ac_cv_header_pthread_h=yes
ac_cv_header_regex_h=yes
ac_cv_header_stdbool_h=yes
ac_cv_header_stdc=yes
ac_cv_header_stddef_h=yes
ac_cv_header_stdint_h=yes
ac_cv_header_stdlib_h=yes
ac_cv_header_string_h=yes
ac_cv_header_strings_h=yes
ac_cv_header_sys_stat_h=yes
ac_cv_header_sys_types_h=yes
ac_cv_header_sys_wait_h=yes
ac_cv_header_unistd_h=yes
ac_cv_header_vfork_h=no
ac_cv_host=unknown-unknown-linux-gnu
ac_cv_lib_m_log10=yes
ac_cv_lib_pthread_pthread_mutex_lock=yes
ac_cv_objext=o
ac_cv_path_BISON=/usr/local/bin/bison
ac_cv_path_EGREP='/bin/grep -E'
ac_cv_path_FGREP='/bin/grep -F'
ac_cv_path_GMSGFMT=/usr/bin/msgfmt
ac_cv_path_GREP=/bin/grep
ac_cv_path_HELP2MAN=help2man
ac_cv_path_INDENT=indent
ac_cv_path_M4=/usr/bin/m4
ac_cv_path_MSGFMT=/usr/bin/msgfmt
ac_cv_path_MSGMERGE=/usr/bin/msgmerge
ac_cv_path_SED=/bin/sed
ac_cv_path_XGETTEXT=/usr/bin/xgettext
ac_cv_path_install='/usr/bin/install -c'
ac_cv_path_lt_DD=/bin/dd
ac_cv_path_mkdir=/bin/mkdir
ac_cv_prog_AWK=gawk
ac_cv_prog_CPP='gcc -E'
ac_cv_prog_CXXCPP='g++ -E'
ac_cv_prog_YACC='bison -y'
ac_cv_prog_ac_ct_AR=ar
ac_cv_prog_ac_ct_CC=gcc
ac_cv_prog_ac_ct_CXX=g++
ac_cv_prog_ac_ct_MANIFEST_TOOL=mt
ac_cv_prog_ac_ct_OBJDUMP=objdump
ac_cv_prog_ac_ct_RANLIB=ranlib
ac_cv_prog_ac_ct_STRIP=strip
ac_cv_prog_cc_c89=
ac_cv_prog_cc_g=yes
ac_cv_prog_cxx_g=yes
ac_cv_prog_make_make_set=yes
ac_cv_type__Bool=yes
ac_cv_type_pid_t=yes
ac_cv_type_size_t=yes
ac_cv_working_alloca_h=yes
acl_cv_hardcode_direct=no
acl_cv_hardcode_libdir_flag_spec='${wl}-rpath ${wl}$libdir'
acl_cv_hardcode_libdir_separator=
acl_cv_hardcode_minus_L=no
acl_cv_libext=a
acl_cv_libname_spec='lib$name'
acl_cv_library_names_spec='$libname$shrext'
acl_cv_path_LD=/usr/bin/ld
acl_cv_prog_gnu_ld=yes
acl_cv_rpath=done
acl_cv_shlibext=so
acl_cv_wl=-Wl,
am_cv_CC_dependencies_compiler_type=gcc3
am_cv_CXX_dependencies_compiler_type=gcc3
am_cv_make_support_nested_variables=yes
am_cv_prog_cc_c_o=yes
gt_cv_func_CFLocaleCopyCurrent=no
gt_cv_func_CFPreferencesCopyAppValue=no
gt_cv_func_gnugettext1_libc=yes
lt_cv_ar_at_file=@
lt_cv_archive_cmds_need_lc=no
lt_cv_deplibs_check_method=pass_all
lt_cv_file_magic_cmd='$MAGIC_CMD'
lt_cv_file_magic_test_file=
lt_cv_ld_reload_flag=-r
lt_cv_nm_interface='BSD nm'
lt_cv_objdir=.libs
lt_cv_path_LD=/usr/bin/ld
lt_cv_path_LDCXX=/usr/bin/ld
lt_cv_path_NM='/usr/bin/nm -B'
lt_cv_path_mainfest_tool=no
lt_cv_prog_compiler_c_o=yes
lt_cv_prog_compiler_c_o_CXX=yes
lt_cv_prog_compiler_pic='-fPIC -DPIC'
lt_cv_prog_compiler_pic_CXX='-fPIC -DPIC'
lt_cv_prog_compiler_pic_works=yes
lt_cv_prog_compiler_pic_works_CXX=yes
lt_cv_prog_compiler_rtti_exceptions=no
lt_cv_prog_compiler_static_works=yes
lt_cv_prog_compiler_static_works_CXX=yes
lt_cv_prog_gnu_ld=yes
lt_cv_prog_gnu_ldcxx=yes
lt_cv_sharedlib_from_linklib_cmd='printf %s\n'
lt_cv_shlibpath_overrides_runpath=no
lt_cv_sys_global_symbol_pipe='sed -n -e '\''s/^.*[	 ]\([ABCDGIRSTW][ABCDGIRSTW]*\)[	 ][	 ]*\([_A-Za-z][_A-Za-z0-9]*\)$/\1 \2 \2/p'\'' | sed '\''/ __gnu_lto/d'\'''
lt_cv_sys_global_symbol_to_c_name_address='sed -n -e '\''s/^: \(.*\) .*$/  {"\1", (void *) 0},/p'\'' -e '\''s/^[ABCDGIRSTW][ABCDGIRSTW]* .* \(.*\)$/  {"\1", (void *) \&\1},/p'\'''
lt_cv_sys_global_symbol_to_c_name_address_lib_prefix='sed -n -e '\''s/^: \(.*\) .*$/  {"\1", (void *) 0},/p'\'' -e '\''s/^[ABCDGIRSTW][ABCDGIRSTW]* .* \(lib.*\)$/  {"\1", (void *) \&\1},/p'\'' -e '\''s/^[ABCDGIRSTW][ABCDGIRSTW]* .* \(.*\)$/  {"lib\1", (void *) \&\1},/p'\'''
lt_cv_sys_global_symbol_to_cdecl='sed -n -e '\''s/^T .* \(.*\)$/extern int \1();/p'\'' -e '\''s/^[ABCDGIRSTW][ABCDGIRSTW]* .* \(.*\)$/extern char \1;/p'\'''
lt_cv_sys_global_symbol_to_import=
lt_cv_sys_max_cmd_len=1572864
lt_cv_to_host_file_cmd=func_convert_file_noop
lt_cv_to_tool_file_cmd=func_convert_file_noop
lt_cv_truncate_bin='/bin/dd bs=4096 count=1'

## ----------------- ##
## Output variables. ##
## ----------------- ##

ACLOCAL='${SHELL} /home/picocluster/ARM64/flex-2.5.38/missing aclocal-1.15'
ALLOCA=''
AMDEPBACKSLASH='\'
AMDEP_FALSE='#'
AMDEP_TRUE=''
AMTAR='$${TAR-tar}'
AM_BACKSLASH='\'
AM_DEFAULT_V='$(AM_DEFAULT_VERBOSITY)'
AM_DEFAULT_VERBOSITY='1'
AM_V='$(V)'
AR='ar'
AUTOCONF='${SHELL} /home/picocluster/ARM64/flex-2.5.38/missing autoconf'
AUTOHEADER='${SHELL} /home/picocluster/ARM64/flex-2.5.38/missing autoheader'
AUTOMAKE='${SHELL} /home/picocluster/ARM64/flex-2.5.38/missing automake-1.15'
AWK='gawk'
BISON='/usr/local/bin/bison'
CC='gcc'
CCDEPMODE='depmode=gcc3'
CFLAGS='-g -O2'
CPP='gcc -E'
CPPFLAGS=''
CXX='g++'
CXXCPP='g++ -E'
CXXDEPMODE='depmode=gcc3'
CXXFLAGS='-g -O2'
CYGPATH_W='echo'
DEFS='-DHAVE_CONFIG_H'
DEPDIR='.deps'
DLLTOOL='false'
DSYMUTIL=''
DUMPBIN=''
ECHO_C=''
ECHO_N='-n'
ECHO_T=''
EGREP='/bin/grep -E'
EXEEXT=''
FGREP='/bin/grep -F'
GETTEXT_MACRO_VERSION='0.18'
GMSGFMT='/usr/bin/msgfmt'
GMSGFMT_015='/usr/bin/msgfmt'
GREP='/bin/grep'
HELP2MAN='help2man'
INDENT='indent'
INSTALL_DATA='${INSTALL} -m 644'
INSTALL_PROGRAM='${INSTALL}'
INSTALL_SCRIPT='${INSTALL}'
INSTALL_STRIP_PROGRAM='$(install_sh) -c -s'
INTLLIBS=''
INTL_MACOSX_LIBS=''
LD='/usr/bin/ld'
LDFLAGS=''
LEX='${SHELL} /home/picocluster/ARM64/flex-2.5.38/missing flex'
LEXLIB=''
LEX_OUTPUT_ROOT=''
LIBICONV='-liconv'
LIBINTL=''
LIBOBJS=''
LIBS='-lm '
LIBTOOL='$(SHELL) $(top_builddir)/libtool'
LIPO=''
LN_S='ln -s'
LTLIBICONV='-liconv'
LTLIBINTL=''
LTLIBOBJS=''
LT_SYS_LIBRARY_PATH=''
M4='/usr/bin/m4'
MAKEINFO='${SHELL} /home/picocluster/ARM64/flex-2.5.38/missing makeinfo'
MANIFEST_TOOL=':'
MKDIR_P='/bin/mkdir -p'
MSGFMT='/usr/bin/msgfmt'
MSGFMT_015='/usr/bin/msgfmt'
MSGMERGE='/usr/bin/msgmerge'
NM='/usr/bin/nm -B'
NMEDIT=''
OBJDUMP='objdump'
OBJEXT='o'
OTOOL64=''
OTOOL=''
PACKAGE='flex'
PACKAGE_BUGREPORT='flex-help@lists.sourceforge.net'
PACKAGE_NAME='the fast lexical analyser generator'
PACKAGE_STRING='the fast lexical analyser generator 2.5.38'
PACKAGE_TARNAME='flex'
PACKAGE_URL=''
PACKAGE_VERSION='2.5.38'
PATH_SEPARATOR=':'
POSUB='po'
RANLIB='ranlib'
SED='/bin/sed'
SET_MAKE=''
SHARED_VERSION_INFO='2:0:0'
SHELL='/bin/bash'
STRIP='strip'
USE_NLS='yes'
VERSION='2.5.38'
XGETTEXT='/usr/bin/xgettext'
XGETTEXT_015='/usr/bin/xgettext'
XGETTEXT_EXTRA_OPTIONS=''
YACC='bison -y'
YFLAGS=''
ac_ct_AR='ar'
ac_ct_CC='gcc'
ac_ct_CXX='g++'
ac_ct_DUMPBIN=''
am__EXEEXT_FALSE=''
am__EXEEXT_TRUE='#'
am__fastdepCC_FALSE='#'
am__fastdepCC_TRUE=''
am__fastdepCXX_FALSE='#'
am__fastdepCXX_TRUE=''
am__include='include'
am__isrc=''
am__leading_dot='.'
am__nodep='_no'
am__quote=''
am__tar='$${TAR-tar} chof - "$$tardir"'
am__untar='$${TAR-tar} xf -'
bindir='${exec_prefix}/bin'
build='unknown-unknown-linux-gnu'
build_alias='unknown-unknown-linux'
build_cpu='unknown'
build_os='linux-gnu'
build_vendor='unknown'
datadir='${datarootdir}'
datarootdir='${prefix}/share'
docdir='${datarootdir}/doc/${PACKAGE_TARNAME}'
dvidir='${docdir}'
exec_prefix='${prefix}'
host='unknown-unknown-linux-gnu'
host_alias=''
host_cpu='unknown'
host_os='linux-gnu'
host_vendor='unknown'
htmldir='${docdir}'
includedir='${prefix}/include'
infodir='${datarootdir}/info'
install_sh='${SHELL} /home/picocluster/ARM64/flex-2.5.38/install-sh'
libdir='${exec_prefix}/lib'
libexecdir='${exec_prefix}/libexec'
localedir='${datarootdir}/locale'
localstatedir='${prefix}/var'
mandir='${datarootdir}/man'
mkdir_p='/bin/mkdir -p'
oldincludedir='/usr/include'
pdfdir='${docdir}'
prefix='/usr/local'
program_transform_name='s,x,x,'
psdir='${docdir}'
runstatedir='${localstatedir}/run'
sbindir='${exec_prefix}/sbin'
sharedstatedir='${prefix}/com'
sysconfdir='${prefix}/etc'
target_alias=''

## ----------- ##
## confdefs.h. ##
## ----------- ##

/* confdefs.h */
#define PACKAGE_NAME "the fast lexical analyser generator"
#define PACKAGE_TARNAME "flex"
#define PACKAGE_VERSION "2.5.38"
#define PACKAGE_STRING "the fast lexical analyser generator 2.5.38"
#define PACKAGE_BUGREPORT "flex-help@lists.sourceforge.net"
#define PACKAGE_URL ""
#define PACKAGE "flex"
#define VERSION "2.5.38"
#define ENABLE_NLS 1
#define HAVE_GETTEXT 1
#define HAVE_DCGETTEXT 1
#define STDC_HEADERS 1
#define HAVE_SYS_TYPES_H 1
#define HAVE_SYS_STAT_H 1
#define HAVE_STDLIB_H 1
#define HAVE_STRING_H 1
#define HAVE_MEMORY_H 1
#define HAVE_STRINGS_H 1
#define HAVE_INTTYPES_H 1
#define HAVE_STDINT_H 1
#define HAVE_UNISTD_H 1
#define HAVE_DLFCN_H 1
#define LT_OBJDIR ".libs/"
#define M4 "/usr/bin/m4"
#define STDC_HEADERS 1
#define HAVE_SYS_WAIT_H 1
#define HAVE_INTTYPES_H 1
#define HAVE_LIBINTL_H 1
#define HAVE_LIMITS_H 1
#define HAVE_LOCALE_H 1
#define HAVE_MALLOC_H 1
#define HAVE_NETINET_IN_H 1
#define HAVE_REGEX_H 1
#define HAVE_STDDEF_H 1
#define HAVE_STDLIB_H 1
#define HAVE_STRING_H 1
#define HAVE_STRINGS_H 1
#define HAVE_UNISTD_H 1
#define HAVE_LIBPTHREAD 1
#define HAVE_PTHREAD_H 1
#define HAVE_LIBM 1
#define HAVE__BOOL 1
#define HAVE_STDBOOL_H 1
#define HAVE_ALLOCA_H 1
#define HAVE_ALLOCA 1
#define HAVE_FORK 1
#define HAVE_VFORK 1
#define HAVE_WORKING_VFORK 1
#define HAVE_WORKING_FORK 1
#define HAVE_STDLIB_H 1
#define HAVE_MALLOC 1
#define HAVE_STDLIB_H 1
#define HAVE_REALLOC 1
#define HAVE_DUP2 1
#define HAVE_ISASCII 1
#define HAVE_MEMSET 1
#define HAVE_POW 1
#define HAVE_REGCOMP 1
#define HAVE_SETLOCALE 1
#define HAVE_STRCHR 1
#define HAVE_STRTOL 1

configure: exit 0
